<?xml version="1.0" encoding="UTF-8"?>
<testng-results ignored="0" total="1" passed="1" failed="0" skipped="0">
  <reporter-output>
  </reporter-output>
  <suite started-at="2026-05-08T15:05:14 IST" name="Default suite" finished-at="2026-05-08T15:05:14 IST" duration-ms="54">
    <groups>
      <group name="smoke">
        <method signature="demo1.mangoTest()[pri:0, instance:demo.demo1@245b4bdc]" name="mangoTest" class="demo.demo1"/>
      </group> <!-- smoke -->
    </groups>
    <test started-at="2026-05-08T15:05:14 IST" name="Default test" finished-at="2026-05-08T15:05:14 IST" duration-ms="54">
      <class name="demo.demo1">
        <test-method signature="mangoTest()[pri:0, instance:demo.demo1@245b4bdc]" started-at="2026-05-08T15:05:14 IST" name="mangoTest" finished-at="2026-05-08T15:05:14 IST" duration-ms="11" status="PASS">
          <reporter-output>
          </reporter-output>
        </test-method> <!-- mangoTest -->
      </class> <!-- demo.demo1 -->
    </test> <!-- Default test -->
  </suite> <!-- Default suite -->
</testng-results>
